This is pdfTeX, Version 3.14159265-2.6-1.40.16 (TeX Live 2015/Debian) (preloaded format=pdflatex 2018.5.11)  11 MAY 2018 12:22
entering extended mode
 restricted \write18 enabled.
 %&-line parsing enabled.
**accountant.py
(./accountant.py
LaTeX2e <2016/02/01>
Babel <3.9q> and hyphenation patterns for 3 language(s) loaded.
! You can't use `macro parameter character #' in vertical mode.
l.1 #
       ACCOUNTANT 1.0
? 
! Emergency stop.
l.1 #
       ACCOUNTANT 1.0
End of file on the terminal!

 
Here is how much of TeX's memory you used:
 6 strings out of 494953
 147 string characters out of 6180977
 45171 words of memory out of 5000000
 3390 multiletter control sequences out of 15000+600000
 3640 words of font info for 14 fonts, out of 8000000 for 9000
 14 hyphenation exceptions out of 8191
 5i,0n,1p,33b,8s stack positions out of 5000i,500n,10000p,200000b,80000s
!  ==> Fatal error occurred, no output PDF file produced!
